#
# There is insufficient memory for the Java Runtime Environment to continue.
# Native memory allocation (malloc) failed to allocate 32744 bytes for ChunkPool::allocate
# Possible reasons:
#   The system is out of physical RAM or swap space
#   In 32 bit mode, the process size limit was hit
# Possible solutions:
#   Reduce memory load on the system
#   Increase physical memory or swap space
#   Check if swap backing store is full
#   Use 64 bit Java on a 64 bit OS
#   Decrease Java heap size (-Xmx/-Xms)
#   Decrease number of Java threads
#   Decrease Java thread stack sizes (-Xss)
#   Set larger code cache with -XX:ReservedCodeCacheSize=
# This output file may be truncated or incomplete.
#
#  Out of Memory Error (allocation.cpp:273), pid=48044, tid=0x000000000000bc70
#
# JRE version: OpenJDK Runtime Environment (8.0_152-b02) (build 1.8.0_152-release-1024-b02)
# Java VM: OpenJDK 64-Bit Server VM (25.152-b02 mixed mode windows-amd64 compressed oops)
# Failed to write core dump. Minidumps are not enabled by default on client versions of Windows
#

---------------  T H R E A D  ---------------

Current thread (0x00000000167db000):  JavaThread "C2 CompilerThread0" daemon [_thread_in_native, id=48240, stack(0x0000000017e50000,0x0000000017f50000)]

Stack: [0x0000000017e50000,0x0000000017f50000]
[error occurred during error reporting (printing stack bounds), id 0xc0000005]

Native frames: (J=compiled Java code, j=interpreted, Vv=VM code, C=native code)


Current CompileTask:
C2:9373410 27588       4       com.android.tools.r8.dex.DexFileReader::parseAnnotationSet (76 bytes)


---------------  P R O C E S S  ---------------

Java Threads: ( => current thread )
  0x00000000189e3000 JavaThread "ForkJoinPool-7-worker-0" daemon [_thread_blocked, id=121836, stack(0x0000000062c60000,0x0000000062d60000)]
  0x00000000189e5000 JavaThread "ForkJoinPool-7-worker-1" daemon [_thread_in_native, id=120736, stack(0x0000000062b60000,0x0000000062c60000)]
  0x00000000189e1800 JavaThread "ForkJoinPool.commonPool-worker-1" daemon [_thread_in_native, id=121760, stack(0x0000000062060000,0x0000000062160000)]
  0x0000000019ca6800 JavaThread "ForkJoinPool.commonPool-worker-0" daemon [_thread_blocked, id=121116, stack(0x0000000061f60000,0x0000000062060000)]
  0x0000000019c9a800 JavaThread "ForkJoinPool.commonPool-worker-3" daemon [_thread_in_native, id=121380, stack(0x0000000061e60000,0x0000000061f60000)]
  0x0000000019ca0800 JavaThread "Cache worker for Java compile cache (C:\Users\aks28\AndroidStudioProjects\IdealTech\.gradle\4.4\javaCompile)" [_thread_blocked, id=120692, stack(0x000000003eb60000,0x000000003ec60000)]
  0x0000000019c9b800 JavaThread "Task worker for ':' Thread 3" [_thread_blocked, id=118896, stack(0x000000003dd60000,0x000000003de60000)]
  0x0000000019c9f000 JavaThread "Task worker for ':' Thread 2" [_thread_blocked, id=118892, stack(0x000000003dc60000,0x000000003dd60000)]
  0x0000000019c9d000 JavaThread "Task worker for ':'" [_thread_blocked, id=118888, stack(0x000000003db60000,0x000000003dc60000)]
  0x000000001f672800 JavaThread "Cache worker for Build Output Cleanup Cache (C:\Users\aks28\AndroidStudioProjects\IdealTech\.gradle\buildOutputCleanup)" [_thread_blocked, id=118884, stack(0x000000003da60000,0x000000003db60000)]
  0x000000001f677000 JavaThread "Cache worker for task history cache (C:\Users\aks28\AndroidStudioProjects\IdealTech\.gradle\4.4\taskHistory)" [_thread_blocked, id=118880, stack(0x000000003d960000,0x000000003da60000)]
  0x000000001f678800 JavaThread "Cache worker for file content cache (C:\Users\aks28\AndroidStudioProjects\IdealTech\.gradle\4.4\fileContent)" [_thread_blocked, id=118876, stack(0x000000003d860000,0x000000003d960000)]
  0x000000001f676800 JavaThread "build operations Thread 4" [_thread_blocked, id=111444, stack(0x000000003d660000,0x000000003d760000)]
  0x000000001f675800 JavaThread "build operations Thread 3" [_thread_blocked, id=118668, stack(0x000000003d560000,0x000000003d660000)]
  0x000000001f672000 JavaThread "build operations Thread 2" [_thread_blocked, id=117764, stack(0x000000003d460000,0x000000003d560000)]
  0x000000001f673800 JavaThread "build operations" [_thread_blocked, id=118264, stack(0x000000003d360000,0x000000003d460000)]
  0x000000001f66a800 JavaThread "Cache worker for Artifact transforms cache (C:\Users\aks28\.gradle\caches\transforms-1)" [_thread_blocked, id=117564, stack(0x000000003d260000,0x000000003d360000)]
  0x000000001f670800 JavaThread "Cache worker for file hash cache (C:\Users\aks28\AndroidStudioProjects\IdealTech\.gradle\4.4\fileHashes)" [_thread_blocked, id=116784, stack(0x000000003d160000,0x000000003d260000)]
  0x000000001f66f800 JavaThread "Asynchronous log dispatcher for DefaultDaemonConnection: socket connection from /127.0.0.1:58578 to /127.0.0.1:59580" [_thread_blocked, id=118392, stack(0x000000003cf60000,0x000000003d060000)]
  0x000000001f66f000 JavaThread "Daemon worker Thread 4" [_thread_blocked, id=118708, stack(0x000000003ce60000,0x000000003cf60000)]
  0x000000001f66e000 JavaThread "Cancel handler" [_thread_blocked, id=118672, stack(0x000000003cd60000,0x000000003ce60000)]
  0x000000001f66d800 JavaThread "Handler for socket connection from /127.0.0.1:58578 to /127.0.0.1:59580" [_thread_in_native, id=118652, stack(0x000000003cc60000,0x000000003cd60000)]
  0x000000001f66b000 JavaThread "Daemon Thread 4" [_thread_blocked, id=118612, stack(0x000000003cb60000,0x000000003cc60000)]
  0x000000001f675000 JavaThread "Java2D Disposer" daemon [_thread_blocked, id=48652, stack(0x000000002b790000,0x000000002b890000)]
  0x00000000189de800 JavaThread "Memory manager" [_thread_blocked, id=49024, stack(0x00000000204b0000,0x00000000205b0000)]
  0x0000000018bcf000 JavaThread "File lock request listener" [_thread_in_native, id=49112, stack(0x000000001c510000,0x000000001c610000)]
  0x0000000019656800 JavaThread "Cache worker for file hash cache (C:\Users\aks28\.gradle\caches\4.4\fileHashes)" [_thread_blocked, id=49108, stack(0x000000001b440000,0x000000001b540000)]
  0x00000000182a6000 JavaThread "Daemon periodic checks" [_thread_blocked, id=48748, stack(0x000000001a940000,0x000000001aa40000)]
  0x00000000189f3000 JavaThread "Incoming local TCP Connector on port 58578" [_thread_in_native, id=48744, stack(0x000000001a460000,0x000000001a560000)]
  0x0000000018178800 JavaThread "Service Thread" daemon [_thread_blocked, id=48252, stack(0x0000000018550000,0x0000000018650000)]
  0x00000000167ea800 JavaThread "C1 CompilerThread2" daemon [_thread_blocked, id=48248, stack(0x0000000018050000,0x0000000018150000)]
  0x00000000167de000 JavaThread "C2 CompilerThread1" daemon [_thread_in_native, id=48244, stack(0x0000000017f50000,0x0000000018050000)]
=>0x00000000167db000 JavaThread "C2 CompilerThread0" daemon [_thread_in_native, id=48240, stack(0x0000000017e50000,0x0000000017f50000)]
  0x00000000167e7000 JavaThread "Attach Listener" daemon [_thread_blocked, id=48236, stack(0x0000000017d50000,0x0000000017e50000)]
  0x00000000167e5800 JavaThread "Signal Dispatcher" daemon [_thread_blocked, id=48232, stack(0x0000000017c50000,0x0000000017d50000)]
  0x00000000167c8800 JavaThread "Finalizer" daemon [_thread_blocked, id=48228, stack(0x0000000017a50000,0x0000000017b50000)]
  0x0000000002e63000 JavaThread "Reference Handler" daemon [_thread_blocked, id=48224, stack(0x0000000017950000,0x0000000017a50000)]
  0x0000000002c5d800 JavaThread "main" [_thread_blocked, id=47760, stack(0x0000000002c60000,0x0000000002d60000)]

Other Threads:
  0x00000000167a5800 VMThread [stack: 0x0000000017850000,0x0000000017950000] [id=48220]
  0x000000001683e000 WatcherThread [stack: 0x0000000018650000,0x0000000018750000] [id=48256]

VM state:not at safepoint (normal execution)

VM Mutex/Monitor currently owned by a thread: None

Heap:
 PSYoungGen      total 439808K, used 160647K [0x00000000e0000000, 0x0000000100000000, 0x0000000100000000)
  eden space 422912K, 35% used [0x00000000e0000000,0x00000000e9171750,0x00000000f9d00000)
  from space 16896K, 69% used [0x00000000fdf00000,0x00000000fea70740,0x00000000fef80000)
  to   space 50688K, 0% used [0x00000000f9d00000,0x00000000f9d00000,0x00000000fce80000)
 ParOldGen       total 152576K, used 152407K [0x00000000a0000000, 0x00000000a9500000, 0x00000000e0000000)
  object space 152576K, 99% used [0x00000000a0000000,0x00000000a94d5e48,0x00000000a9500000)
 Metaspace       used 90085K, capacity 93628K, committed 94808K, reserved 1132544K
  class space    used 10978K, capacity 11727K, committed 12160K, reserved 1048576K

Card table byte_map: [0x0000000012230000,0x0000000012540000] byte_map_base: 0x0000000011d30000

Marking Bits: (ParMarkBitMap*) 0x000000006aa34970
 Begin Bits: [0x0000000012b40000, 0x0000000014340000)
 End Bits:   [0x0000000014340000, 0x0000000015b40000)

Polling page: 0x0000000002c00000

CodeCache: size=245760Kb used=75295Kb max_used=75494Kb free=170464Kb
 bounds [0x0000000002e70000, 0x00000000078f0000, 0x0000000011e70000]
 total_blobs=20851 nmethods=19887 adapters=873
 compilation: enabled

Compilation events (10 events):
Event: 9368.603 Thread 0x00000000167ea800 27595       2       com.android.tools.r8.com.google.common.collect.Iterators$2::next (55 bytes)
Event: 9368.603 Thread 0x00000000167ea800 nmethod 27595 0x0000000006bbca10 code [0x0000000006bbcbc0, 0x0000000006bbcea8]
Event: 9368.610 Thread 0x00000000167de000 nmethod 27592 0x00000000076e5210 code [0x00000000076e5360, 0x00000000076e5578]
Event: 9368.610 Thread 0x00000000167de000 27584       4       com.android.tools.r8.code.Format21c::<init> (22 bytes)
Event: 9368.613 Thread 0x00000000167ea800 27596       3       com.android.tools.r8.utils.DexVersion::getDexVersion (164 bytes)
Event: 9368.614 Thread 0x00000000167ea800 nmethod 27596 0x0000000006a44e10 code [0x0000000006a44fa0, 0x0000000006a452e8]
Event: 9368.617 Thread 0x00000000167de000 nmethod 27584 0x0000000006a44710 code [0x0000000006a44860, 0x0000000006a44a58]
Event: 9368.617 Thread 0x00000000167de000 27590       4       com.android.tools.r8.code.MoveResultObject::<init> (7 bytes)
Event: 9368.620 Thread 0x00000000167de000 nmethod 27590 0x00000000074f0590 code [0x00000000074f06e0, 0x00000000074f0778]
Event: 9368.620 Thread 0x00000000167de000 27587       4       com.android.tools.r8.dex.DexFileReader$$Lambda$868/613073485::get (8 bytes)

GC Heap History (10 events):
Event: 9291.326 GC heap before
{Heap before GC invocations=85 (full 6):
 PSYoungGen      total 502784K, used 491006K [0x00000000e0000000, 0x00000000ffd80000, 0x0000000100000000)
  eden space 486912K, 100% used [0x00000000e0000000,0x00000000fdb80000,0x00000000fdb80000)
  from space 15872K, 25% used [0x00000000fee00000,0x00000000ff1ff860,0x00000000ffd80000)
  to   space 17408K, 0% used [0x00000000fdb80000,0x00000000fdb80000,0x00000000fec80000)
 ParOldGen       total 149504K, used 68280K [0x00000000a0000000, 0x00000000a9200000, 0x00000000e0000000)
  object space 149504K, 45% used [0x00000000a0000000,0x00000000a42ae1f8,0x00000000a9200000)
 Metaspace       used 89469K, capacity 93458K, committed 93912K, reserved 1130496K
  class space    used 11022K, capacity 11827K, committed 12032K, reserved 1048576K
Event: 9291.343 GC heap after
Heap after GC invocations=85 (full 6):
 PSYoungGen      total 504320K, used 9089K [0x00000000e0000000, 0x0000000100000000, 0x0000000100000000)
  eden space 486912K, 0% used [0x00000000e0000000,0x00000000e0000000,0x00000000fdb80000)
  from space 17408K, 52% used [0x00000000fdb80000,0x00000000fe4605a0,0x00000000fec80000)
  to   space 17408K, 0% used [0x00000000fef00000,0x00000000fef00000,0x0000000100000000)
 ParOldGen       total 149504K, used 68296K [0x00000000a0000000, 0x00000000a9200000, 0x00000000e0000000)
  object space 149504K, 45% used [0x00000000a0000000,0x00000000a42b21f8,0x00000000a9200000)
 Metaspace       used 89469K, capacity 93458K, committed 93912K, reserved 1130496K
  class space    used 11022K, capacity 11827K, committed 12032K, reserved 1048576K
}
Event: 9296.164 GC heap before
{Heap before GC invocations=86 (full 6):
 PSYoungGen      total 504320K, used 496001K [0x00000000e0000000, 0x0000000100000000, 0x0000000100000000)
  eden space 486912K, 100% used [0x00000000e0000000,0x00000000fdb80000,0x00000000fdb80000)
  from space 17408K, 52% used [0x00000000fdb80000,0x00000000fe4605a0,0x00000000fec80000)
  to   space 17408K, 0% used [0x00000000fef00000,0x00000000fef00000,0x0000000100000000)
 ParOldGen       total 149504K, used 68296K [0x00000000a0000000, 0x00000000a9200000, 0x00000000e0000000)
  object space 149504K, 45% used [0x00000000a0000000,0x00000000a42b21f8,0x00000000a9200000)
 Metaspace       used 89515K, capacity 93530K, committed 93912K, reserved 1130496K
  class space    used 11023K, capacity 11829K, committed 12032K, reserved 1048576K
Event: 9296.172 GC heap after
Heap after GC invocations=86 (full 6):
 PSYoungGen      total 505856K, used 5475K [0x00000000e0000000, 0x00000000fff00000, 0x0000000100000000)
  eden space 489472K, 0% used [0x00000000e0000000,0x00000000e0000000,0x00000000fde00000)
  from space 16384K, 33% used [0x00000000fef00000,0x00000000ff458e88,0x00000000fff00000)
  to   space 16896K, 0% used [0x00000000fde00000,0x00000000fde00000,0x00000000fee80000)
 ParOldGen       total 149504K, used 68328K [0x00000000a0000000, 0x00000000a9200000, 0x00000000e0000000)
  object space 149504K, 45% used [0x00000000a0000000,0x00000000a42ba1f8,0x00000000a9200000)
 Metaspace       used 89515K, capacity 93530K, committed 93912K, reserved 1130496K
  class space    used 11023K, capacity 11829K, committed 12032K, reserved 1048576K
}
Event: 9315.824 GC heap before
{Heap before GC invocations=87 (full 6):
 PSYoungGen      total 505856K, used 494947K [0x00000000e0000000, 0x00000000fff00000, 0x0000000100000000)
  eden space 489472K, 100% used [0x00000000e0000000,0x00000000fde00000,0x00000000fde00000)
  from space 16384K, 33% used [0x00000000fef00000,0x00000000ff458e88,0x00000000fff00000)
  to   space 16896K, 0% used [0x00000000fde00000,0x00000000fde00000,0x00000000fee80000)
 ParOldGen       total 149504K, used 68328K [0x00000000a0000000, 0x00000000a9200000, 0x00000000e0000000)
  object space 149504K, 45% used [0x00000000a0000000,0x00000000a42ba1f8,0x00000000a9200000)
 Metaspace       used 89747K, capacity 93746K, committed 94168K, reserved 1132544K
  class space    used 11031K, capacity 11833K, committed 12032K, reserved 1048576K
Event: 9315.829 GC heap after
Heap after GC invocations=87 (full 6):
 PSYoungGen      total 468992K, used 480K [0x00000000e0000000, 0x00000000fef80000, 0x0000000100000000)
  eden space 468480K, 0% used [0x00000000e0000000,0x00000000e0000000,0x00000000fc980000)
  from space 512K, 93% used [0x00000000fde00000,0x00000000fde78000,0x00000000fde80000)
  to   space 16896K, 0% used [0x00000000fdf00000,0x00000000fdf00000,0x00000000fef80000)
 ParOldGen       total 149504K, used 68360K [0x00000000a0000000, 0x00000000a9200000, 0x00000000e0000000)
  object space 149504K, 45% used [0x00000000a0000000,0x00000000a42c21f8,0x00000000a9200000)
 Metaspace       used 89747K, capacity 93746K, committed 94168K, reserved 1132544K
  class space    used 11031K, capacity 11833K, committed 12032K, reserved 1048576K
}
Event: 9355.819 GC heap before
{Heap before GC invocations=88 (full 6):
 PSYoungGen      total 468992K, used 468960K [0x00000000e0000000, 0x00000000fef80000, 0x0000000100000000)
  eden space 468480K, 100% used [0x00000000e0000000,0x00000000fc980000,0x00000000fc980000)
  from space 512K, 93% used [0x00000000fde00000,0x00000000fde78000,0x00000000fde80000)
  to   space 16896K, 0% used [0x00000000fdf00000,0x00000000fdf00000,0x00000000fef80000)
 ParOldGen       total 149504K, used 68360K [0x00000000a0000000, 0x00000000a9200000, 0x00000000e0000000)
  object space 149504K, 45% used [0x00000000a0000000,0x00000000a42c21f8,0x00000000a9200000)
 Metaspace       used 90444K, capacity 94560K, committed 94808K, reserved 1132544K
  class space    used 11093K, capacity 11926K, committed 12160K, reserved 1048576K
Event: 9356.214 GC heap after
Heap after GC invocations=88 (full 6):
 PSYoungGen      total 439808K, used 16869K [0x00000000e0000000, 0x0000000100000000, 0x0000000100000000)
  eden space 422912K, 0% used [0x00000000e0000000,0x00000000e0000000,0x00000000f9d00000)
  from space 16896K, 99% used [0x00000000fdf00000,0x00000000fef79458,0x00000000fef80000)
  to   space 50688K, 0% used [0x00000000f9d00000,0x00000000f9d00000,0x00000000fce80000)
 ParOldGen       total 152576K, used 152451K [0x00000000a0000000, 0x00000000a9500000, 0x00000000e0000000)
  object space 152576K, 99% used [0x00000000a0000000,0x00000000a94e0f38,0x00000000a9500000)
 Metaspace       used 90444K, capacity 94560K, committed 94808K, reserved 1132544K
  class space    used 11093K, capacity 11926K, committed 12160K, reserved 1048576K
}
Event: 9356.224 GC heap before
{Heap before GC invocations=89 (full 7):
 PSYoungGen      total 439808K, used 16869K [0x00000000e0000000, 0x0000000100000000, 0x0000000100000000)
  eden space 422912K, 0% used [0x00000000e0000000,0x00000000e0000000,0x00000000f9d00000)
  from space 16896K, 99% used [0x00000000fdf00000,0x00000000fef79458,0x00000000fef80000)
  to   space 50688K, 0% used [0x00000000f9d00000,0x00000000f9d00000,0x00000000fce80000)
 ParOldGen       total 152576K, used 152451K [0x00000000a0000000, 0x00000000a9500000, 0x00000000e0000000)
  object space 152576K, 99% used [0x00000000a0000000,0x00000000a94e0f38,0x00000000a9500000)
 Metaspace       used 90444K, capacity 94560K, committed 94808K, reserved 1132544K
  class space    used 11093K, capacity 11926K, committed 12160K, reserved 1048576K
Event: 9358.323 GC heap after
Heap after GC invocations=89 (full 7):
 PSYoungGen      total 439808K, used 11713K [0x00000000e0000000, 0x0000000100000000, 0x0000000100000000)
  eden space 422912K, 0% used [0x00000000e0000000,0x00000000e0000000,0x00000000f9d00000)
  from space 16896K, 69% used [0x00000000fdf00000,0x00000000fea70740,0x00000000fef80000)
  to   space 50688K, 0% used [0x00000000f9d00000,0x00000000f9d00000,0x00000000fce80000)
 ParOldGen       total 152576K, used 152407K [0x00000000a0000000, 0x00000000a9500000, 0x00000000e0000000)
  object space 152576K, 99% used [0x00000000a0000000,0x00000000a94d5e48,0x00000000a9500000)
 Metaspace       used 90065K, capacity 93614K, committed 94808K, reserved 1132544K
  class space    used 10974K, capacity 11722K, committed 12160K, reserved 1048576K
}

Deoptimization events (10 events):
Event: 9362.846 Thread 0x0000000019ca6800 Uncommon trap: reason=class_check action=maybe_recompile pc=0x0000000007480900 method=java.util.stream.Sink$ChainedReference.cancellationRequested()Z @ 4
Event: 9362.846 Thread 0x0000000019ca6800 Uncommon trap: reason=class_check action=maybe_recompile pc=0x0000000007480900 method=java.util.stream.Sink$ChainedReference.cancellationRequested()Z @ 4
Event: 9362.846 Thread 0x0000000019c9a800 Uncommon trap: reason=class_check action=maybe_recompile pc=0x0000000007480900 method=java.util.stream.Sink$ChainedReference.cancellationRequested()Z @ 4
Event: 9362.846 Thread 0x0000000019c9a800 Uncommon trap: reason=class_check action=maybe_recompile pc=0x0000000007480900 method=java.util.stream.Sink$ChainedReference.cancellationRequested()Z @ 4
Event: 9362.846 Thread 0x0000000019ca6800 Uncommon trap: reason=bimorphic action=maybe_recompile pc=0x000000000745ee3c method=java.util.Spliterators$IteratorSpliterator.tryAdvance(Ljava/util/function/Consumer;)Z @ 68
Event: 9362.846 Thread 0x0000000019c9a800 Uncommon trap: reason=bimorphic action=maybe_recompile pc=0x000000000745ee3c method=java.util.Spliterators$IteratorSpliterator.tryAdvance(Ljava/util/function/Consumer;)Z @ 68
Event: 9362.847 Thread 0x0000000019c9a800 Uncommon trap: reason=bimorphic action=maybe_recompile pc=0x000000000745ee3c method=java.util.Spliterators$IteratorSpliterator.tryAdvance(Ljava/util/function/Consumer;)Z @ 68
Event: 9362.847 Thread 0x0000000019ca6800 Uncommon trap: reason=bimorphic action=maybe_recompile pc=0x000000000745ee3c method=java.util.Spliterators$IteratorSpliterator.tryAdvance(Ljava/util/function/Consumer;)Z @ 68
Event: 9362.847 Thread 0x0000000019c9a800 Uncommon trap: reason=bimorphic action=maybe_recompile pc=0x000000000745ee3c method=java.util.Spliterators$IteratorSpliterator.tryAdvance(Ljava/util/function/Consumer;)Z @ 68
Event: 9363.448 Thread 0x0000000019ca6800 Uncommon trap: reason=unstable_if action=reinterpret pc=0x0000000004e4dc04 method=com.android.tools.r8.dex.VirtualFile$PackageSplitPopulator.coveredByPrefix(Ljava/lang/String;Ljava/lang/String;)Z @ 36

Classes redefined (0 events):
No events

Internal exceptions (10 events):
Event: 9364.223 Thread 0x00000000189e1800 Exception <a 'sun/nio/fs/WindowsException'> (0x00000000e78bdbb8) thrown at [D:\src\AOSP-openjdk-cygwin\jdk8u\hotspot\src\share\vm\prims\jni.cpp, line 709]
Event: 9364.238 Thread 0x00000000189e0800 Exception <a 'sun/nio/fs/WindowsException'> (0x00000000e7fb9178) thrown at [D:\src\AOSP-openjdk-cygwin\jdk8u\hotspot\src\share\vm\prims\jni.cpp, line 709]
Event: 9365.496 Thread 0x0000000019ca6800 Exception <a 'sun/nio/fs/WindowsException'> (0x00000000e7a43690) thrown at [D:\src\AOSP-openjdk-cygwin\jdk8u\hotspot\src\share\vm\prims\jni.cpp, line 709]
Event: 9365.501 Thread 0x00000000189e5000 Exception <a 'sun/nio/fs/WindowsException'> (0x00000000e8217f98) thrown at [D:\src\AOSP-openjdk-cygwin\jdk8u\hotspot\src\share\vm\prims\jni.cpp, line 709]
Event: 9366.397 Thread 0x00000000189e1800 Exception <a 'sun/nio/fs/WindowsException'> (0x00000000e82fce20) thrown at [D:\src\AOSP-openjdk-cygwin\jdk8u\hotspot\src\share\vm\prims\jni.cpp, line 709]
Event: 9366.403 Thread 0x00000000189e3800 Exception <a 'sun/nio/fs/WindowsException'> (0x00000000e85823c0) thrown at [D:\src\AOSP-openjdk-cygwin\jdk8u\hotspot\src\share\vm\prims\jni.cpp, line 709]
Event: 9368.346 Thread 0x00000000189e1800 Exception <a 'sun/nio/fs/WindowsException'> (0x00000000e85fae80) thrown at [D:\src\AOSP-openjdk-cygwin\jdk8u\hotspot\src\share\vm\prims\jni.cpp, line 709]
Event: 9368.392 Thread 0x00000000189e2000 Exception <a 'sun/nio/fs/WindowsException'> (0x00000000e8bf4540) thrown at [D:\src\AOSP-openjdk-cygwin\jdk8u\hotspot\src\share\vm\prims\jni.cpp, line 709]
Event: 9368.577 Thread 0x0000000019ca6800 Exception <a 'sun/nio/fs/WindowsException'> (0x00000000e82c53e0) thrown at [D:\src\AOSP-openjdk-cygwin\jdk8u\hotspot\src\share\vm\prims\jni.cpp, line 709]
Event: 9368.617 Thread 0x00000000189e5000 Exception <a 'sun/nio/fs/WindowsException'> (0x00000000e9147df8) thrown at [D:\src\AOSP-openjdk-cygwin\jdk8u\hotspot\src\share\vm\prims\jni.cpp, line 709]

Events (10 events):
Event: 9368.386 Thread 0x00000000189e2000 DEOPT PACKING pc=0x000000000753d529 sp=0x0000000062b5ee40
Event: 9368.386 Thread 0x00000000189e2000 DEOPT UNPACKING pc=0x0000000002eb75d0 sp=0x0000000062b5ec18 mode 0
Event: 9368.585 Thread 0x00000000189e5000 Thread added: 0x00000000189e5000
Event: 9368.586 Thread 0x00000000189e3000 Thread added: 0x00000000189e3000
Event: 9368.588 Thread 0x00000000189e5000 DEOPT PACKING pc=0x00000000068a3fda sp=0x0000000062c5ee20
Event: 9368.588 Thread 0x00000000189e5000 DEOPT UNPACKING pc=0x0000000002eb75d0 sp=0x0000000062c5ec68 mode 0
Event: 9368.593 Thread 0x00000000189e3000 DEOPT PACKING pc=0x00000000066a4688 sp=0x0000000062d5edd0
Event: 9368.593 Thread 0x00000000189e3000 DEOPT UNPACKING pc=0x0000000002eb75d0 sp=0x0000000062d5eb70 mode 0
Event: 9368.593 Thread 0x00000000189e5000 DEOPT PACKING pc=0x00000000068a3fda sp=0x0000000062c5ee20
Event: 9368.593 Thread 0x00000000189e5000 DEOPT UNPACKING pc=0x0000000002eb75d0 sp=0x0000000062c5ec68 mode 0


Dynamic libraries:
0x00007ff646220000 - 0x00007ff646251000 	C:\Program Files\Android\Android Studio\jre\bin\java.exe
0x00007ff9dd030000 - 0x00007ff9dd20b000 	C:\Windows\SYSTEM32\ntdll.dll
0x00007ff9dc620000 - 0x00007ff9dc6ce000 	C:\Windows\System32\KERNEL32.DLL
0x00007ff9da140000 - 0x00007ff9da389000 	C:\Windows\System32\KERNELBASE.dll
0x00007ff9dc380000 - 0x00007ff9dc421000 	C:\Windows\System32\ADVAPI32.dll
0x00007ff9dcf90000 - 0x00007ff9dd02d000 	C:\Windows\System32\msvcrt.dll
0x00007ff9dc430000 - 0x00007ff9dc489000 	C:\Windows\System32\sechost.dll
0x00007ff9dce60000 - 0x00007ff9dcf85000 	C:\Windows\System32\RPCRT4.dll
0x00007ff9dabb0000 - 0x00007ff9dacfa000 	C:\Windows\System32\USER32.dll
0x00007ff9da020000 - 0x00007ff9da03e000 	C:\Windows\System32\win32u.dll
0x00007ff9da780000 - 0x00007ff9da7a7000 	C:\Windows\System32\GDI32.dll
0x00007ff9d9550000 - 0x00007ff9d96d8000 	C:\Windows\System32\gdi32full.dll
0x00007ff9da440000 - 0x00007ff9da4da000 	C:\Windows\System32\msvcp_win.dll
0x00007ff9da040000 - 0x00007ff9da136000 	C:\Windows\System32\ucrtbase.dll
0x00007ff9d0080000 - 0x00007ff9d02e7000 	C:\Windows\WinSxS\amd64_microsoft.windows.common-controls_6595b64144ccf1df_6.0.15063.483_none_26002d27e7c744a2\COMCTL32.dll
0x00007ff9da8b0000 - 0x00007ff9daba9000 	C:\Windows\System32\combase.dll
0x00007ff9d9de0000 - 0x00007ff9d9e4a000 	C:\Windows\System32\bcryptPrimitives.dll
0x00007ff9da5a0000 - 0x00007ff9da5cd000 	C:\Windows\System32\IMM32.DLL
0x00007ff9d87a0000 - 0x00007ff9d87d1000 	C:\Windows\SYSTEM32\ntmarta.dll
0x00007ff9d93a0000 - 0x00007ff9d93d0000 	C:\Windows\SYSTEM32\SspiCli.dll
0x0000000069800000 - 0x00000000698d2000 	C:\Program Files\Android\Android Studio\jre\jre\bin\msvcr100.dll
0x000000006a270000 - 0x000000006aaaf000 	C:\Program Files\Android\Android Studio\jre\jre\bin\server\jvm.dll
0x00007ff9da590000 - 0x00007ff9da598000 	C:\Windows\System32\PSAPI.DLL
0x00007ff9d6ba0000 - 0x00007ff9d6bc3000 	C:\Windows\SYSTEM32\WINMM.dll
0x00007ff9d35c0000 - 0x00007ff9d35ca000 	C:\Windows\SYSTEM32\VERSION.dll
0x00007ff9d6740000 - 0x00007ff9d6749000 	C:\Windows\SYSTEM32\WSOCK32.dll
0x00007ff9daea0000 - 0x00007ff9daf0c000 	C:\Windows\System32\WS2_32.dll
0x00007ff9d6b40000 - 0x00007ff9d6b6b000 	C:\Windows\SYSTEM32\WINMMBASE.dll
0x00007ff9da540000 - 0x00007ff9da589000 	C:\Windows\System32\cfgmgr32.dll
0x00007ff9d3cf0000 - 0x00007ff9d3cff000 	C:\Program Files\Android\Android Studio\jre\jre\bin\verify.dll
0x00007ff9d3cc0000 - 0x00007ff9d3ce9000 	C:\Program Files\Android\Android Studio\jre\jre\bin\java.dll
0x00007ff9d3ca0000 - 0x00007ff9d3cb6000 	C:\Program Files\Android\Android Studio\jre\jre\bin\zip.dll
0x00007ff9daf10000 - 0x00007ff9dc347000 	C:\Windows\System32\SHELL32.dll
0x00007ff9dcdb0000 - 0x00007ff9dce5a000 	C:\Windows\System32\shcore.dll
0x00007ff9d96e0000 - 0x00007ff9d9dd2000 	C:\Windows\System32\windows.storage.dll
0x00007ff9da720000 - 0x00007ff9da771000 	C:\Windows\System32\shlwapi.dll
0x00007ff9d9510000 - 0x00007ff9d9521000 	C:\Windows\System32\kernel.appcore.dll
0x00007ff9d94a0000 - 0x00007ff9d94ec000 	C:\Windows\System32\powrprof.dll
0x00007ff9d94f0000 - 0x00007ff9d9505000 	C:\Windows\System32\profapi.dll
0x00007ff9d3c80000 - 0x00007ff9d3c9a000 	C:\Program Files\Android\Android Studio\jre\jre\bin\net.dll
0x00007ff9d8d50000 - 0x00007ff9d8dac000 	C:\Windows\system32\mswsock.dll
0x00007ff9d3c60000 - 0x00007ff9d3c71000 	C:\Program Files\Android\Android Studio\jre\jre\bin\nio.dll
0x00007ff9cdb00000 - 0x00007ff9cdb1e000 	C:\Users\aks28\.gradle\native\25\windows-amd64\native-platform.dll
0x00007ff9d3c50000 - 0x00007ff9d3c5d000 	C:\Program Files\Android\Android Studio\jre\jre\bin\management.dll
0x00007ff9d8ef0000 - 0x00007ff9d8f07000 	C:\Windows\SYSTEM32\CRYPTSP.dll
0x00007ff9d8970000 - 0x00007ff9d89a4000 	C:\Windows\system32\rsaenh.dll
0x00007ff9d92d0000 - 0x00007ff9d92f5000 	C:\Windows\SYSTEM32\bcrypt.dll
0x00007ff9d93d0000 - 0x00007ff9d93f9000 	C:\Windows\SYSTEM32\USERENV.dll
0x00007ff9d92c0000 - 0x00007ff9d92cb000 	C:\Windows\SYSTEM32\CRYPTBASE.dll
0x00007ff9d8af0000 - 0x00007ff9d8b27000 	C:\Windows\SYSTEM32\IPHLPAPI.DLL
0x00007ff9dcda0000 - 0x00007ff9dcda8000 	C:\Windows\System32\NSI.dll
0x00007ff9cd6f0000 - 0x00007ff9cd706000 	C:\Windows\SYSTEM32\dhcpcsvc6.DLL
0x00007ff9cd6d0000 - 0x00007ff9cd6ea000 	C:\Windows\SYSTEM32\dhcpcsvc.DLL
0x00007ff9ca7d0000 - 0x00007ff9ca966000 	C:\Program Files\Android\Android Studio\jre\jre\bin\awt.dll
0x00007ff9dc840000 - 0x00007ff9dc900000 	C:\Windows\System32\OLEAUT32.dll
0x00007ff9d6080000 - 0x00007ff9d6624000 	C:\Windows\SYSTEM32\d2d1.dll
0x00007ff9d9e50000 - 0x00007ff9da019000 	C:\Windows\System32\CRYPT32.dll
0x00007ff9d9530000 - 0x00007ff9d9541000 	C:\Windows\System32\MSASN1.dll
0x00007ff9d6d90000 - 0x00007ff9d6e0e000 	C:\Windows\SYSTEM32\apphelp.dll
0x00007ff9d5900000 - 0x00007ff9d592a000 	C:\Windows\system32\DWMAPI.DLL
0x00007ff9d7c00000 - 0x00007ff9d7c95000 	C:\Windows\system32\uxtheme.dll

VM Arguments:
jvm_args: -Xmx1536m -Dfile.encoding=windows-1252 -Duser.country=US -Duser.language=en -Duser.variant 
java_command: org.gradle.launcher.daemon.bootstrap.GradleDaemon 4.4
java_class_path (initial): C:\Users\aks28\.gradle\wrapper\dists\gradle-4.4-all\9br9xq1tocpiv8o6njlyu5op1\gradle-4.4\lib\gradle-launcher-4.4.jar
Launcher Type: SUN_STANDARD

Environment Variables:
PATH=C:\Program Files (x86)\Common Files\Oracle\Java\javapath;C:\ProgramData\Oracle\Java\javapath;C:\Windows\system32;C:\Windows;C:\Windows\System32\Wbem;C:\Windows\System32\WindowsPowerShell\v1.0\;C:\Program Files (x86)\ATI Technologies\ATI.ACE\Core-Static;C:\MinGW\bin;C:\Program Files (x86)\mosquitto;C:\Program Files\PuTTY\;C:\Program Files\Git\cmd;C:\Program Files\wkhtmltopdf\bin;C:\Program Files\GTK3-Runtime Win64\bin;C:\python 3.7;C:\python 3.7\Scripts;C:\Python3.6\Scripts\;C:\Python3.6\;C:\ProgramData\Oracle\Java\javapath;C:\Windows\system32;C:\Windows;C:\Windows\System32\Wbem;C:\Windows\System32\WindowsPowerShell\v1.0\;C:\Program Files (x86)\ATI Technologies\ATI.ACE\Core-Static;C:\MinGW\bin;C:\Program Files (x86)\mosquitto;C:\Program Files\Java\jdk1.8.0_131\bin;C:\Program Files\Microsoft VS Code\bin
USERNAME=aks28
OS=Windows_NT
PROCESSOR_IDENTIFIER=Intel64 Family 6 Model 58 Stepping 9, GenuineIntel



---------------  S Y S T E M  ---------------

OS: Windows 10.0 , 64 bit Build 15063 (10.0.15063.296)

CPU:total 4 (initial active 4) (2 cores per cpu, 2 threads per core) family 6 model 58 stepping 9, cmov, cx8, fxsr, mmx, sse, sse2, sse3, ssse3, sse4.1, sse4.2, popcnt, avx, aes, clmul, erms, ht, tsc, tscinvbit, tscinv

Memory: 4k page, physical 4153140k(129376k free), swap 9273140k(8736k free)

vm_info: OpenJDK 64-Bit Server VM (25.152-b02) for windows-amd64 JRE (1.8.0_152-release-1024-b02), built by "builder" with MS VC++ 10.0 (VS2010)

time: Mon Jun 11 16:55:37 2018
elapsed time: 9370 seconds (0d 2h 36m 10s)

